<?xml version="1.0" encoding="UTF-8"?>
<testng-results skipped="0" failed="1" total="4" passed="3">
  <reporter-output>
  </reporter-output>
  <suite name="SuiteName" duration-ms="275510" started-at="2018-05-04T19:34:26Z" finished-at="2018-05-04T19:39:02Z">
    <groups>
    </groups>
    <test name="cnbc" duration-ms="72693" started-at="2018-05-04T19:34:26Z" finished-at="2018-05-04T19:35:39Z">
      <class name="com.Mobile_Framework.testcases.News">
        <test-method status="FAIL" signature="TestA(java.util.Hashtable)[pri:0, instance:com.Mobile_Framework.testcases.News@63475ace]" name="TestA" duration-ms="72328" started-at="2018-05-04T15:34:26Z" data-provider="getData" finished-at="2018-05-04T15:35:38Z">
          <params>
            <param index="0">
              <value>
                <![CDATA[{News=news_xpath, NEWSCLICK=topnews_xpath, TOP NEWS=drawer2_id, Runmode=Y}]]>
              </value>
            </param>
          </params>
          <exception class="org.openqa.selenium.WebDriverException">
            <message>
              <![CDATA[An unknown server-side error occurred while processing the command. Original error: Cannot stop and clear com.cnbc.client. Original error: Error executing adbExec. Original error: 'Command ''C:\\Users\\nikil kaarthi\\Downloads\\android-sdk-windows-1.6_r1\\platform-tools\\adb.exe' -P 5037 -s LGL53BL6edee49d shell pm clear com.cnbc.client' timed out after 20000ms'; Stderr: ''; Code: 'null' (WARNING: The server did not provide any stacktrace information)
Command duration or timeout: 71.80 seconds
Build info: version: '2.53.0', revision: '35ae25b1534ae328c771e0856c93e187490ca824', time: '2016-03-15 10:43:46'
System info: host: 'Nikil', ip: '192.168.254.5', os.name: 'Windows 8.1', os.arch: 'amd64', os.version: '6.3', java.version: '1.8.0_131'
Driver info: io.appium.java_client.android.AndroidDriver]]>
            </message>
            <full-stacktrace>
              <![CDATA[org.openqa.selenium.WebDriverException: An unknown server-side error occurred while processing the command. Original error: Cannot stop and clear com.cnbc.client. Original error: Error executing adbExec. Original error: 'Command ''C:\\Users\\nikil kaarthi\\Downloads\\android-sdk-windows-1.6_r1\\platform-tools\\adb.exe' -P 5037 -s LGL53BL6edee49d shell pm clear com.cnbc.client' timed out after 20000ms'; Stderr: ''; Code: 'null' (WARNING: The server did not provide any stacktrace information)
Command duration or timeout: 71.80 seconds
Build info: version: '2.53.0', revision: '35ae25b1534ae328c771e0856c93e187490ca824', time: '2016-03-15 10:43:46'
System info: host: 'Nikil', ip: '192.168.254.5', os.name: 'Windows 8.1', os.arch: 'amd64', os.version: '6.3', java.version: '1.8.0_131'
Driver info: io.appium.java_client.android.AndroidDriver
	at sun.reflect.NativeConstructorAccessorImpl.newInstance0(Native Method)
	at sun.reflect.NativeConstructorAccessorImpl.newInstance(NativeConstructorAccessorImpl.java:62)
	at sun.reflect.DelegatingConstructorAccessorImpl.newInstance(DelegatingConstructorAccessorImpl.java:45)
	at java.lang.reflect.Constructor.newInstance(Constructor.java:423)
	at org.openqa.selenium.remote.ErrorHandler.createThrowable(ErrorHandler.java:206)
	at org.openqa.selenium.remote.ErrorHandler.throwIfResponseFailed(ErrorHandler.java:158)
	at org.openqa.selenium.remote.RemoteWebDriver.execute(RemoteWebDriver.java:678)
	at io.appium.java_client.DefaultGenericMobileDriver.execute(DefaultGenericMobileDriver.java:42)
	at io.appium.java_client.AppiumDriver.execute(AppiumDriver.java:1)
	at io.appium.java_client.android.AndroidDriver.execute(AndroidDriver.java:1)
	at org.openqa.selenium.remote.RemoteWebDriver.startSession(RemoteWebDriver.java:249)
	at org.openqa.selenium.remote.RemoteWebDriver.<init>(RemoteWebDriver.java:131)
	at org.openqa.selenium.remote.RemoteWebDriver.<init>(RemoteWebDriver.java:144)
	at io.appium.java_client.DefaultGenericMobileDriver.<init>(DefaultGenericMobileDriver.java:37)
	at io.appium.java_client.AppiumDriver.<init>(AppiumDriver.java:161)
	at io.appium.java_client.AppiumDriver.<init>(AppiumDriver.java:170)
	at io.appium.java_client.android.AndroidDriver.<init>(AndroidDriver.java:82)
	at com.Mobile_Framework.base.BaseTest.lauchApp(BaseTest.java:77)
	at com.Mobile_Framework.testcases.News.TestA(News.java:29)
	at sun.reflect.NativeMethodAccessorImpl.invoke0(Native Method)
	at sun.reflect.NativeMethodAccessorImpl.invoke(NativeMethodAccessorImpl.java:62)
	at sun.reflect.DelegatingMethodAccessorImpl.invoke(DelegatingMethodAccessorImpl.java:43)
	at java.lang.reflect.Method.invoke(Method.java:498)
	at org.testng.internal.MethodInvocationHelper.invokeMethod(MethodInvocationHelper.java:85)
	at org.testng.internal.Invoker.invokeMethod(Invoker.java:639)
	at org.testng.internal.Invoker.invokeTestMethod(Invoker.java:821)
	at org.testng.internal.Invoker.invokeTestMethods(Invoker.java:1131)
	at org.testng.internal.TestMethodWorker.invokeTestMethods(TestMethodWorker.java:124)
	at org.testng.internal.TestMethodWorker.run(TestMethodWorker.java:108)
	at org.testng.TestRunner.privateRun(TestRunner.java:773)
	at org.testng.TestRunner.run(TestRunner.java:623)
	at org.testng.SuiteRunner.runTest(SuiteRunner.java:357)
	at org.testng.SuiteRunner.runSequentially(SuiteRunner.java:352)
	at org.testng.SuiteRunner.privateRun(SuiteRunner.java:310)
	at org.testng.SuiteRunner.run(SuiteRunner.java:259)
	at org.testng.SuiteRunnerWorker.runSuite(SuiteRunnerWorker.java:52)
	at org.testng.SuiteRunnerWorker.run(SuiteRunnerWorker.java:86)
	at org.testng.TestNG.runSuitesSequentially(TestNG.java:1185)
	at org.testng.TestNG.runSuitesLocally(TestNG.java:1110)
	at org.testng.TestNG.run(TestNG.java:1018)
	at org.testng.remote.AbstractRemoteTestNG.run(AbstractRemoteTestNG.java:132)
	at org.testng.remote.RemoteTestNG.initAndRun(RemoteTestNG.java:230)
	at org.testng.remote.RemoteTestNG.main(RemoteTestNG.java:76)
]]>
            </full-stacktrace>
          </exception> <!-- org.openqa.selenium.WebDriverException -->
          <reporter-output>
          </reporter-output>
        </test-method> <!-- TestA -->
        <test-method status="PASS" signature="afterMethod()[pri:0, instance:com.Mobile_Framework.testcases.News@63475ace]" name="afterMethod" is-config="true" duration-ms="339" started-at="2018-05-04T15:35:38Z" finished-at="2018-05-04T15:35:39Z">
          <reporter-output>
          </reporter-output>
        </test-method> <!-- afterMethod -->
      </class> <!-- com.Mobile_Framework.testcases.News -->
    </test> <!-- cnbc -->
    <test name="market" duration-ms="114931" started-at="2018-05-04T19:35:39Z" finished-at="2018-05-04T19:37:34Z">
      <class name="com.Mobile_Framework.testcases.market">
        <test-method status="PASS" signature="TestB(java.util.Hashtable)[pri:0, instance:com.Mobile_Framework.testcases.market@31f9b85e]" name="TestB" duration-ms="114856" started-at="2018-05-04T15:35:39Z" data-provider="getData" finished-at="2018-05-04T15:37:34Z">
          <params>
            <param index="0">
              <value>
                <![CDATA[{MERVAL=MERVAL_xpath, Runmode=Y, Index=index_xpath, Market=Market_xpath}]]>
              </value>
            </param>
          </params>
          <reporter-output>
          </reporter-output>
        </test-method> <!-- TestB -->
        <test-method status="PASS" signature="afterMethod()[pri:0, instance:com.Mobile_Framework.testcases.market@31f9b85e]" name="afterMethod" is-config="true" duration-ms="70" started-at="2018-05-04T15:37:34Z" finished-at="2018-05-04T15:37:34Z">
          <reporter-output>
          </reporter-output>
        </test-method> <!-- afterMethod -->
      </class> <!-- com.Mobile_Framework.testcases.market -->
    </test> <!-- market -->
    <test name="videos" duration-ms="84402" started-at="2018-05-04T19:37:34Z" finished-at="2018-05-04T19:38:58Z">
      <class name="com.Mobile_Framework.testcases.videos">
        <test-method status="PASS" signature="TestC(java.util.Hashtable)[pri:0, instance:com.Mobile_Framework.testcases.videos@11fc564b]" name="TestC" duration-ms="84316" started-at="2018-05-04T15:37:34Z" data-provider="getData" finished-at="2018-05-04T15:38:58Z">
          <params>
            <param index="0">
              <value>
                <![CDATA[{Col2=C2, videos=videos_xpath, Runmode=Y}]]>
              </value>
            </param>
          </params>
          <reporter-output>
          </reporter-output>
        </test-method> <!-- TestC -->
        <test-method status="PASS" signature="afterMethod()[pri:0, instance:com.Mobile_Framework.testcases.videos@11fc564b]" name="afterMethod" is-config="true" duration-ms="70" started-at="2018-05-04T15:38:58Z" finished-at="2018-05-04T15:38:58Z">
          <reporter-output>
          </reporter-output>
        </test-method> <!-- afterMethod -->
      </class> <!-- com.Mobile_Framework.testcases.videos -->
    </test> <!-- videos -->
    <test name="SendMail" duration-ms="3419" started-at="2018-05-04T19:38:58Z" finished-at="2018-05-04T19:39:02Z">
      <class name="com.Mobile_Framework.testcases.SendMail">
        <test-method status="PASS" signature="SendMail()[pri:0, instance:com.Mobile_Framework.testcases.SendMail@28975c28]" name="SendMail" duration-ms="3417" started-at="2018-05-04T15:38:58Z" finished-at="2018-05-04T15:39:02Z">
          <reporter-output>
          </reporter-output>
        </test-method> <!-- SendMail -->
      </class> <!-- com.Mobile_Framework.testcases.SendMail -->
    </test> <!-- SendMail -->
  </suite> <!-- SuiteName -->
</testng-results>
