<?xml version="1.0" encoding="UTF-8"?>
<!-- Generated by org.testng.reporters.JUnitXMLReporter -->
<testsuite hostname="Nikil" name="cnbc" tests="1" failures="1" timestamp="4 May 2018 19:35:39 GMT" time="72.693" errors="0">
  <testcase name="TestA" time="72.328" classname="com.Mobile_Framework.testcases.News">
    <failure type="org.openqa.selenium.WebDriverException" message="An unknown server-side error occurred while processing the command. Original error: Cannot stop and clear com.cnbc.client. Original error: Error executing adbExec. Original error: &amp;apos;Command &amp;apos;&amp;apos;C:\\Users\\nikil kaarthi\\Downloads\\android-sdk-windows-1.6_r1\\platform-tools\\adb.exe&amp;apos; -P 5037 -s LGL53BL6edee49d shell pm clear com.cnbc.client&amp;apos; timed out after 20000ms&amp;apos;; Stderr: &amp;apos;&amp;apos;; Code: &amp;apos;null&amp;apos; (WARNING: The server did not provide any stacktrace information)
Command duration or timeout: 71.80 seconds
Build info: version: &amp;apos;2.53.0&amp;apos;, revision: &amp;apos;35ae25b1534ae328c771e0856c93e187490ca824&amp;apos;, time: &amp;apos;2016-03-15 10:43:46&amp;apos;
System info: host: &amp;apos;Nikil&amp;apos;, ip: &amp;apos;192.168.254.5&amp;apos;, os.name: &amp;apos;Windows 8.1&amp;apos;, os.arch: &amp;apos;amd64&amp;apos;, os.version: &amp;apos;6.3&amp;apos;, java.version: &amp;apos;1.8.0_131&amp;apos;
Driver info: io.appium.java_client.android.AndroidDriver">
      <![CDATA[org.openqa.selenium.WebDriverException: An unknown server-side error occurred while processing the command. Original error: Cannot stop and clear com.cnbc.client. Original error: Error executing adbExec. Original error: 'Command ''C:\\Users\\nikil kaarthi\\Downloads\\android-sdk-windows-1.6_r1\\platform-tools\\adb.exe' -P 5037 -s LGL53BL6edee49d shell pm clear com.cnbc.client' timed out after 20000ms'; Stderr: ''; Code: 'null' (WARNING: The server did not provide any stacktrace information)
Command duration or timeout: 71.80 seconds
Build info: version: '2.53.0', revision: '35ae25b1534ae328c771e0856c93e187490ca824', time: '2016-03-15 10:43:46'
System info: host: 'Nikil', ip: '192.168.254.5', os.name: 'Windows 8.1', os.arch: 'amd64', os.version: '6.3', java.version: '1.8.0_131'
Driver info: io.appium.java_client.android.AndroidDriver
	at org.openqa.selenium.remote.ErrorHandler.createThrowable(ErrorHandler.java:206)
	at org.openqa.selenium.remote.ErrorHandler.throwIfResponseFailed(ErrorHandler.java:158)
	at org.openqa.selenium.remote.RemoteWebDriver.execute(RemoteWebDriver.java:678)
	at io.appium.java_client.DefaultGenericMobileDriver.execute(DefaultGenericMobileDriver.java:42)
	at io.appium.java_client.AppiumDriver.execute(AppiumDriver.java:1)
	at io.appium.java_client.android.AndroidDriver.execute(AndroidDriver.java:1)
	at org.openqa.selenium.remote.RemoteWebDriver.startSession(RemoteWebDriver.java:249)
	at org.openqa.selenium.remote.RemoteWebDriver.<init>(RemoteWebDriver.java:131)
	at org.openqa.selenium.remote.RemoteWebDriver.<init>(RemoteWebDriver.java:144)
	at io.appium.java_client.DefaultGenericMobileDriver.<init>(DefaultGenericMobileDriver.java:37)
	at io.appium.java_client.AppiumDriver.<init>(AppiumDriver.java:161)
	at io.appium.java_client.AppiumDriver.<init>(AppiumDriver.java:170)
	at io.appium.java_client.android.AndroidDriver.<init>(AndroidDriver.java:82)
	at com.Mobile_Framework.base.BaseTest.lauchApp(BaseTest.java:77)
	at com.Mobile_Framework.testcases.News.TestA(News.java:29)
... Removed 28 stack frames]]>
    </failure>
  </testcase> <!-- TestA -->
</testsuite> <!-- cnbc -->
